<?xml version="1.0" encoding="UTF-8"?>
<!-- Generated by org.testng.reporters.JUnitXMLReporter -->
<testsuite ignored="4" hostname="DESKTOP-81F39U9" failures="0" tests="1" name="Test" time="3.085" errors="0" timestamp="2023-07-12T18:03:02 IST">
  <testcase classname="com.actitime.testscript.Verify" name="verifyTitle" time="3.025"/>
  <testcase classname="com.actitime.testscript.DemoTest" name="demo" time="0.0">
    <ignored/>
  </testcase> <!-- demo -->
  <testcase classname="qsp.DemoScreenShot" name="scrn" time="0.0">
    <ignored/>
  </testcase> <!-- scrn -->
  <testcase classname="com.actitime.testscript.Group$DemoTest" name="de" time="0.0">
    <ignored/>
  </testcase> <!-- de -->
  <testcase classname="com.actitime.testscript.CustomerModule" name="createCustomer" time="0.0">
    <ignored/>
  </testcase> <!-- createCustomer -->
</testsuite> <!-- Test -->
