<?xml version="1.0" encoding="UTF-8"?>
<testng-results ignored="0" total="1" passed="1" failed="0" skipped="0">
  <reporter-output>
  </reporter-output>
  <suite started-at="2023-07-13T10:58:13 IST" name="Default suite" finished-at="2023-07-13T10:58:17 IST" duration-ms="4358">
    <groups>
    </groups>
    <test started-at="2023-07-13T10:58:13 IST" name="Default test" finished-at="2023-07-13T10:58:17 IST" duration-ms="4358">
      <class name="qsp.DemoScreen">
        <test-method signature="DemoScreen()[pri:0, instance:qsp.DemoScreen@4dbb42b7]" started-at="2023-07-13T10:58:13 IST" name="DemoScreen" finished-at="2023-07-13T10:58:17 IST" duration-ms="4290" status="PASS">
          <reporter-output>
          </reporter-output>
        </test-method> <!-- DemoScreen -->
      </class> <!-- qsp.DemoScreen -->
    </test> <!-- Default test -->
  </suite> <!-- Default suite -->
</testng-results>
